C:\Program Files (x86)\MSBuild\Microsoft.Cpp\v4.0\V140\Microsoft.CppBuild.targets(367,5): warning MSB8004: Intermediate Directory does not end with a trailing slash.  This build instance will add the slash as it is required to allow proper evaluation of the Intermediate Directory.
C:\Program Files (x86)\MSBuild\Microsoft.Cpp\v4.0\V140\Microsoft.CppBuild.targets(368,5): warning MSB8004: Output Directory does not end with a trailing slash.  This build instance will add the slash as it is required to allow proper evaluation of the Output Directory.
  print.c
  lzio.c
  lvm.c
f:\vs_projects\lua_cpp\src\lua_dll\lua_dll\lvm.c(53): warning C4996: 'sprintf': This function or variable may be unsafe. Consider using sprintf_s instead. To disable deprecation, use _CRT_SECURE_NO_WARNINGS. See online help for details.
  c:\program files (x86)\windows kits\10\include\10.0.10240.0\ucrt\stdio.h(1769): note: 参见“sprintf”的声明
  lundump.c
  ltm.c
  ltablib.c
  ltable.c
  lstrlib.c
f:\vs_projects\lua_cpp\src\lua_dll\lua_dll\lstrlib.c(740): warning C4996: 'strncpy': This function or variable may be unsafe. Consider using strncpy_s instead. To disable deprecation, use _CRT_SECURE_NO_WARNINGS. See online help for details.
  c:\program files (x86)\windows kits\10\include\10.0.10240.0\ucrt\string.h(346): note: 参见“strncpy”的声明
f:\vs_projects\lua_cpp\src\lua_dll\lua_dll\lstrlib.c(750): warning C4996: 'strcpy': This function or variable may be unsafe. Consider using strcpy_s instead. To disable deprecation, use _CRT_SECURE_NO_WARNINGS. See online help for details.
  c:\program files (x86)\windows kits\10\include\10.0.10240.0\ucrt\string.h(119): note: 参见“strcpy”的声明
f:\vs_projects\lua_cpp\src\lua_dll\lua_dll\lstrlib.c(777): warning C4996: 'sprintf': This function or variable may be unsafe. Consider using sprintf_s instead. To disable deprecation, use _CRT_SECURE_NO_WARNINGS. See online help for details.
  c:\program files (x86)\windows kits\10\include\10.0.10240.0\ucrt\stdio.h(1769): note: 参见“sprintf”的声明
f:\vs_projects\lua_cpp\src\lua_dll\lua_dll\lstrlib.c(782): warning C4996: 'sprintf': This function or variable may be unsafe. Consider using sprintf_s instead. To disable deprecation, use _CRT_SECURE_NO_WARNINGS. See online help for details.
  c:\program files (x86)\windows kits\10\include\10.0.10240.0\ucrt\stdio.h(1769): note: 参见“sprintf”的声明
f:\vs_projects\lua_cpp\src\lua_dll\lua_dll\lstrlib.c(787): warning C4996: 'sprintf': This function or variable may be unsafe. Consider using sprintf_s instead. To disable deprecation, use _CRT_SECURE_NO_WARNINGS. See online help for details.
  c:\program files (x86)\windows kits\10\include\10.0.10240.0\ucrt\stdio.h(1769): note: 参见“sprintf”的声明
f:\vs_projects\lua_cpp\src\lua_dll\lua_dll\lstrlib.c(792): warning C4996: 'sprintf': This function or variable may be unsafe. Consider using sprintf_s instead. To disable deprecation, use _CRT_SECURE_NO_WARNINGS. See online help for details.
  c:\program files (x86)\windows kits\10\include\10.0.10240.0\ucrt\stdio.h(1769): note: 参见“sprintf”的声明
f:\vs_projects\lua_cpp\src\lua_dll\lua_dll\lstrlib.c(810): warning C4996: 'sprintf': This function or variable may be unsafe. Consider using sprintf_s instead. To disable deprecation, use _CRT_SECURE_NO_WARNINGS. See online help for details.
  c:\program files (x86)\windows kits\10\include\10.0.10240.0\ucrt\stdio.h(1769): note: 参见“sprintf”的声明
  lstring.c
  lstate.c
  lparser.c
  loslib.c
f:\vs_projects\lua_cpp\src\lua_dll\lua_dll\loslib.c(31): warning C4996: 'strerror': This function or variable may be unsafe. Consider using strerror_s instead. To disable deprecation, use _CRT_SECURE_NO_WARNINGS. See online help for details.
  c:\program files (x86)\windows kits\10\include\10.0.10240.0\ucrt\string.h(178): note: 参见“strerror”的声明
f:\vs_projects\lua_cpp\src\lua_dll\lua_dll\loslib.c(60): warning C4996: 'tmpnam': This function or variable may be unsafe. Consider using tmpnam_s instead. To disable deprecation, use _CRT_SECURE_NO_WARNINGS. See online help for details.
  c:\program files (x86)\windows kits\10\include\10.0.10240.0\ucrt\stdio.h(442): note: 参见“tmpnam”的声明
f:\vs_projects\lua_cpp\src\lua_dll\lua_dll\loslib.c(69): warning C4996: 'getenv': This function or variable may be unsafe. Consider using _dupenv_s instead. To disable deprecation, use _CRT_SECURE_NO_WARNINGS. See online help for details.
  c:\program files (x86)\windows kits\10\include\10.0.10240.0\ucrt\stdlib.h(1183): note: 参见“getenv”的声明
f:\vs_projects\lua_cpp\src\lua_dll\lua_dll\loslib.c(129): warning C4996: 'gmtime': This function or variable may be unsafe. Consider using gmtime_s instead. To disable deprecation, use _CRT_SECURE_NO_WARNINGS. See online help for details.
  c:\program files (x86)\windows kits\10\include\10.0.10240.0\ucrt\time.h(495): note: 参见“gmtime”的声明
f:\vs_projects\lua_cpp\src\lua_dll\lua_dll\loslib.c(133): warning C4996: 'localtime': This function or variable may be unsafe. Consider using localtime_s instead. To disable deprecation, use _CRT_SECURE_NO_WARNINGS. See online help for details.
  c:\program files (x86)\windows kits\10\include\10.0.10240.0\ucrt\time.h(505): note: 参见“localtime”的声明
  lopcodes.c
  lobject.c
f:\vs_projects\lua_cpp\src\lua_dll\lua_dll\lobject.c(145): warning C4996: 'sprintf': This function or variable may be unsafe. Consider using sprintf_s instead. To disable deprecation, use _CRT_SECURE_NO_WARNINGS. See online help for details.
  c:\program files (x86)\windows kits\10\include\10.0.10240.0\ucrt\stdio.h(1769): note: 参见“sprintf”的声明
f:\vs_projects\lua_cpp\src\lua_dll\lua_dll\lobject.c(184): warning C4996: 'strncpy': This function or variable may be unsafe. Consider using strncpy_s instead. To disable deprecation, use _CRT_SECURE_NO_WARNINGS. See online help for details.
  c:\program files (x86)\windows kits\10\include\10.0.10240.0\ucrt\string.h(346): note: 参见“strncpy”的声明
f:\vs_projects\lua_cpp\src\lua_dll\lua_dll\lobject.c(193): warning C4996: 'strcpy': This function or variable may be unsafe. Consider using strcpy_s instead. To disable deprecation, use _CRT_SECURE_NO_WARNINGS. See online help for details.
  c:\program files (x86)\windows kits\10\include\10.0.10240.0\ucrt\string.h(119): note: 参见“strcpy”的声明
f:\vs_projects\lua_cpp\src\lua_dll\lua_dll\lobject.c(196): warning C4996: 'strcat': This function or variable may be unsafe. Consider using strcat_s instead. To disable deprecation, use _CRT_SECURE_NO_WARNINGS. See online help for details.
  c:\program files (x86)\windows kits\10\include\10.0.10240.0\ucrt\string.h(90): note: 参见“strcat”的声明
f:\vs_projects\lua_cpp\src\lua_dll\lua_dll\lobject.c(198): warning C4996: 'strcat': This function or variable may be unsafe. Consider using strcat_s instead. To disable deprecation, use _CRT_SECURE_NO_WARNINGS. See online help for details.
  c:\program files (x86)\windows kits\10\include\10.0.10240.0\ucrt\string.h(90): note: 参见“strcat”的声明
f:\vs_projects\lua_cpp\src\lua_dll\lua_dll\lobject.c(204): warning C4996: 'strcpy': This function or variable may be unsafe. Consider using strcpy_s instead. To disable deprecation, use _CRT_SECURE_NO_WARNINGS. See online help for details.
  c:\program files (x86)\windows kits\10\include\10.0.10240.0\ucrt\string.h(119): note: 参见“strcpy”的声明
f:\vs_projects\lua_cpp\src\lua_dll\lua_dll\lobject.c(206): warning C4996: 'strncat': This function or variable may be unsafe. Consider using strncat_s instead. To disable deprecation, use _CRT_SECURE_NO_WARNINGS. See online help for details.
  c:\program files (x86)\windows kits\10\include\10.0.10240.0\ucrt\string.h(255): note: 参见“strncat”的声明
f:\vs_projects\lua_cpp\src\lua_dll\lua_dll\lobject.c(207): warning C4996: 'strcat': This function or variable may be unsafe. Consider using strcat_s instead. To disable deprecation, use _CRT_SECURE_NO_WARNINGS. See online help for details.
  c:\program files (x86)\windows kits\10\include\10.0.10240.0\ucrt\string.h(90): note: 参见“strcat”的声明
f:\vs_projects\lua_cpp\src\lua_dll\lua_dll\lobject.c(210): warning C4996: 'strcat': This function or variable may be unsafe. Consider using strcat_s instead. To disable deprecation, use _CRT_SECURE_NO_WARNINGS. See online help for details.
  c:\program files (x86)\windows kits\10\include\10.0.10240.0\ucrt\string.h(90): note: 参见“strcat”的声明
f:\vs_projects\lua_cpp\src\lua_dll\lua_dll\lobject.c(211): warning C4996: 'strcat': This function or variable may be unsafe. Consider using strcat_s instead. To disable deprecation, use _CRT_SECURE_NO_WARNINGS. See online help for details.
  c:\program files (x86)\windows kits\10\include\10.0.10240.0\ucrt\string.h(90): note: 参见“strcat”的声明
  loadlib.c
f:\vs_projects\lua_cpp\src\lua_dll\lua_dll\loadlib.c(333): warning C4996: 'fopen': This function or variable may be unsafe. Consider using fopen_s instead. To disable deprecation, use _CRT_SECURE_NO_WARNINGS. See online help for details.
  c:\program files (x86)\windows kits\10\include\10.0.10240.0\ucrt\stdio.h(205): note: 参见“fopen”的声明
f:\vs_projects\lua_cpp\src\lua_dll\lua_dll\loadlib.c(594): warning C4996: 'getenv': This function or variable may be unsafe. Consider using _dupenv_s instead. To disable deprecation, use _CRT_SECURE_NO_WARNINGS. See online help for details.
  c:\program files (x86)\windows kits\10\include\10.0.10240.0\ucrt\stdlib.h(1183): note: 参见“getenv”的声明
  lmem.c
  lmathlib.c
  llex.c
  liolib.c
f:\vs_projects\lua_cpp\src\lua_dll\lua_dll\liolib.c(39): warning C4996: 'strerror': This function or variable may be unsafe. Consider using strerror_s instead. To disable deprecation, use _CRT_SECURE_NO_WARNINGS. See online help for details.
  c:\program files (x86)\windows kits\10\include\10.0.10240.0\ucrt\string.h(178): note: 参见“strerror”的声明
f:\vs_projects\lua_cpp\src\lua_dll\lua_dll\liolib.c(41): warning C4996: 'strerror': This function or variable may be unsafe. Consider using strerror_s instead. To disable deprecation, use _CRT_SECURE_NO_WARNINGS. See online help for details.
  c:\program files (x86)\windows kits\10\include\10.0.10240.0\ucrt\string.h(178): note: 参见“strerror”的声明
f:\vs_projects\lua_cpp\src\lua_dll\lua_dll\liolib.c(49): warning C4996: 'strerror': This function or variable may be unsafe. Consider using strerror_s instead. To disable deprecation, use _CRT_SECURE_NO_WARNINGS. See online help for details.
  c:\program files (x86)\windows kits\10\include\10.0.10240.0\ucrt\string.h(178): note: 参见“strerror”的声明
f:\vs_projects\lua_cpp\src\lua_dll\lua_dll\liolib.c(165): warning C4996: 'fopen': This function or variable may be unsafe. Consider using fopen_s instead. To disable deprecation, use _CRT_SECURE_NO_WARNINGS. See online help for details.
  c:\program files (x86)\windows kits\10\include\10.0.10240.0\ucrt\stdio.h(205): note: 参见“fopen”的声明
f:\vs_projects\lua_cpp\src\lua_dll\lua_dll\liolib.c(185): warning C4996: 'tmpfile': This function or variable may be unsafe. Consider using tmpfile_s instead. To disable deprecation, use _CRT_SECURE_NO_WARNINGS. See online help for details.
  c:\program files (x86)\windows kits\10\include\10.0.10240.0\ucrt\stdio.h(431): note: 参见“tmpfile”的声明
f:\vs_projects\lua_cpp\src\lua_dll\lua_dll\liolib.c(205): warning C4996: 'fopen': This function or variable may be unsafe. Consider using fopen_s instead. To disable deprecation, use _CRT_SECURE_NO_WARNINGS. See online help for details.
  c:\program files (x86)\windows kits\10\include\10.0.10240.0\ucrt\stdio.h(205): note: 参见“fopen”的声明
f:\vs_projects\lua_cpp\src\lua_dll\lua_dll\liolib.c(257): warning C4996: 'fopen': This function or variable may be unsafe. Consider using fopen_s instead. To disable deprecation, use _CRT_SECURE_NO_WARNINGS. See online help for details.
  c:\program files (x86)\windows kits\10\include\10.0.10240.0\ucrt\stdio.h(205): note: 参见“fopen”的声明
f:\vs_projects\lua_cpp\src\lua_dll\lua_dll\liolib.c(275): warning C4996: 'fscanf': This function or variable may be unsafe. Consider using fscanf_s instead. To disable deprecation, use _CRT_SECURE_NO_WARNINGS. See online help for details.
  c:\program files (x86)\windows kits\10\include\10.0.10240.0\ucrt\stdio.h(1193): note: 参见“fscanf”的声明
f:\vs_projects\lua_cpp\src\lua_dll\lua_dll\liolib.c(398): warning C4996: 'strerror': This function or variable may be unsafe. Consider using strerror_s instead. To disable deprecation, use _CRT_SECURE_NO_WARNINGS. See online help for details.
  c:\program files (x86)\windows kits\10\include\10.0.10240.0\ucrt\string.h(178): note: 参见“strerror”的声明
  linit.c
  正在生成代码...
  正在编译...
  lgc.c
  lfunc.c
  ldump.c
  ldo.c
  ldebug.c
  ldblib.c
  lcode.c
  lbaselib.c
  lauxlib.c
f:\vs_projects\lua_cpp\src\lua_dll\lua_dll\lauxlib.c(544): warning C4996: 'strerror': This function or variable may be unsafe. Consider using strerror_s instead. To disable deprecation, use _CRT_SECURE_NO_WARNINGS. See online help for details.
  c:\program files (x86)\windows kits\10\include\10.0.10240.0\ucrt\string.h(178): note: 参见“strerror”的声明
f:\vs_projects\lua_cpp\src\lua_dll\lua_dll\lauxlib.c(564): warning C4996: 'fopen': This function or variable may be unsafe. Consider using fopen_s instead. To disable deprecation, use _CRT_SECURE_NO_WARNINGS. See online help for details.
  c:\program files (x86)\windows kits\10\include\10.0.10240.0\ucrt\stdio.h(205): note: 参见“fopen”的声明
f:\vs_projects\lua_cpp\src\lua_dll\lua_dll\lauxlib.c(574): warning C4996: 'freopen': This function or variable may be unsafe. Consider using freopen_s instead. To disable deprecation, use _CRT_SECURE_NO_WARNINGS. See online help for details.
  c:\program files (x86)\windows kits\10\include\10.0.10240.0\ucrt\stdio.h(240): note: 参见“freopen”的声明
  lapi.c
  正在生成代码...
    正在创建库 ../../../lib/lua_dll.lib 和对象 ../../../lib/lua_dll.exp
  lua_dll.vcxproj -> F:\VS_Projects\lua_cpp\src\lua_dll\lua_dll\../../../bin/Win32/Debug\lua_dll.dll
  lua_dll.vcxproj -> ../../../bin/Win32/Debug\lua_dll.pdb (Full PDB)
